MPASM  5.51                          PIC2.ASM   6-1-2020  23:56:57         PAGE  1


LOC  OBJECT CODE     LINE SOURCE TEXT
  VALUE

                      00001 #include <p16f628a.inc>
                      00001         LIST
                      00002 
                      00003 ;==========================================================================
                      00004 ;  MPASM PIC16F628A processor include
                      00005 ; 
                      00006 ;  (c) Copyright 1999-2013 Microchip Technology, All rights reserved
                      00007 ;==========================================================================
                      00008 
                      00385         LIST
                      00002         list p=16f628a
2007   3FE1           00003         __CONFIG _CP_OFF&_WDT_OFF&_PWRTE_ON&_XT_OSC
                      00004 ;=== Регистр для длительности импульса
  00000020            00005 Reg_1 equ 20h ;счетчик для длительности импульса
  00000021            00006 Reg_2 equ 21h
  00000022            00007 Flag equ 22h
0000                  00008         ORG     0x000
0000   2801           00009         GOTO MAIN
                      00010 ;====================================================
                      00011 ;                               ОСНОВНАЯ ПРОГРАММА
                      00012 ;====================================================
0001                  00013 MAIN
0001   1683           00014         bsf STATUS,RP0 ; Переход в 1-й банк.
0002   307A           00015         movlw b'01111010' ; RB5 работает
Message[302]: Register in operand not in bank 0.  Ensure that bank bits are correct.
0003   0086           00016         movwf TRISB ; на вход остальные выход
                      00017 
0004   1283           00018         bcf STATUS,RP0 ; Переход в 0-й банк.
                      00019 ;------------------------------------------------------
                      00020 ;               ОЖИДАНИЕ ИНИЦИАЛИЗАЦИИ И ПОДАЧА ИМПУЛЬСА
                      00021 ;------------------------------------------------------
0005                  00022 WAIT
                      00023 
0005   1E86           00024         btfss PORTB,5 ; Если RB3 опущен, то ждем его поднятия.
0006   2805           00025         goto $-1 ; Если RB3 поднялся, то программа исполняется далее.
                      00026 ;----------------------------------
                      00027 ;       НЕОБХОДИМАЯ ЗАДЕРЖКА
                      00028 ;----------------------------------
0007   203F           00029         call delay
                      00030 ;---------------------------------
                      00031 ;================== ГЕНЕРАЦИЯ ИМПУЛЬСОВ
                      00032 ;---------------------------------
0008   1506           00033         bsf         PORTB,2     ; передача единицы
0009   2017           00034     call        Pause      
000A   1106           00035         bcf         PORTB,2     ; передача нуля
                      00036 
                      00037 
                      00038 ;============ ОСНОВНАЯ ЗАДЕРЖКА +79 - 74 мкс
                      00039         ;decfsz Flag, F
                      00040 ;=================== 800 us
000B   1886           00041         btfsc       PORTB, 1
000C   201C           00042         call        Pause2
                      00043 ;================ 1920 мкс ==========
MPASM  5.51                          PIC2.ASM   6-1-2020  23:56:57         PAGE  2


LOC  OBJECT CODE     LINE SOURCE TEXT
  VALUE

000D   1986           00044         btfsc       PORTB, 3
000E   202B           00045         call        Pause3
000F   1A06           00046         btfsc       PORTB, 4
0010   2021           00047         call        Pause4
0011   1B06           00048         btfsc       PORTB, 6
0012   2036           00049         call        Pause5
0013                  00050 otraj   
0013   1506           00051         bsf         PORTB,2     ; передача единицы
0014   2017           00052         call        Pause      
0015   1106           00053         bcf         PORTB,2     ; передача нуля
0016   2805           00054         goto WAIT ; отпускаем и переходим на ожидание
                      00055         ;==========================================
                      00056         ;               РЕАЛИЗАЦИЯ ЗАДЕРЖКИ 104 МКС (9600)
                      00057         ;==========================================
0017                  00058 Pause       
0017   3017           00059             movlw       .23
0018   00A0           00060             movwf       Reg_1
0019   0BA0           00061             decfsz      Reg_1,F
001A   2819           00062             goto        $-1
001B   0008           00063                         return
                      00064 
                      00065 ;=================== 800 ============
                      00066 
001C                  00067 Pause2       
001C   30FD           00068             movlw       .253
001D   00A0           00069             movwf       Reg_1
001E   0BA0           00070             decfsz      Reg_1,F
001F   281E           00071             goto        $-1
0020   2813           00072             goto otraj  
                      00073 ;================ 3000 мкс ============
0021                  00074 Pause4          
0021   30E4           00075             movlw       .228
0022   00A0           00076             movwf       Reg_1
0023   3004           00077             movlw       .4
0024   00A1           00078             movwf       Reg_2
0025   0BA0           00079             decfsz      Reg_1,F
0026   2825           00080             goto        $-1
0027   0BA1           00081             decfsz      Reg_2,F
0028   2825           00082             goto        $-3
0029   0000           00083             nop
002A   2813           00084             goto otraj
                      00085 ;================ 1920 мкс ==========
002B                  00086 Pause3  
002B   307D           00087             movlw       .125
002C   00A0           00088             movwf       Reg_1
002D   3003           00089             movlw       .3
002E   00A1           00090             movwf       Reg_2
002F   0BA0           00091             decfsz      Reg_1,F
0030   282F           00092             goto        $-1
0031   0BA1           00093             decfsz      Reg_2,F
0032   282F           00094             goto        $-3
0033   3002           00095             movlw .2
0034   00A2           00096             movwf Flag
MPASM  5.51                          PIC2.ASM   6-1-2020  23:56:57         PAGE  3


LOC  OBJECT CODE     LINE SOURCE TEXT
  VALUE

0035   2813           00097             goto otraj
                      00098 
                      00099 ;=============== 4200 мкс ===========
                      00100 
0036                  00101 Pause5
0036   3073           00102             movlw       .115
0037   00A0           00103             movwf       Reg_1
0038   3006           00104             movlw       .6
0039   00A1           00105             movwf       Reg_2
003A   0BA0           00106             decfsz      Reg_1,F
003B   283A           00107             goto        $-1
003C   0BA1           00108             decfsz      Reg_2,F
003D   283A           00109             goto        $-3
003E   0008           00110             return      
                      00111 
003F   3074           00112 delay       movlw       .116
0040   00A0           00113             movwf       Reg_1
0041   0BA0           00114             decfsz      Reg_1,F
0042   2841           00115             goto        $-1
0043   0000           00116             nop
0044   0008           00117         return
                      00118 
Warning[205]: Found directive in column 1. (end)
                      00119 end 
MPASM  5.51                          PIC2.ASM   6-1-2020  23:56:57         PAGE  4


SYMBOL TABLE
  LABEL                             VALUE 

ADDEN                             00000003
ADEN                              00000003
BRGH                              00000002
C                                 00000000
C1INV                             00000004
C1OUT                             00000006
C2INV                             00000005
C2OUT                             00000007
CCP1CON                           00000017
CCP1IE                            00000002
CCP1IF                            00000002
CCP1M0                            00000000
CCP1M1                            00000001
CCP1M2                            00000002
CCP1M3                            00000003
CCP1X                             00000005
CCP1Y                             00000004
CCPR1                             00000015
CCPR1H                            00000016
CCPR1L                            00000015
CIS                               00000003
CM0                               00000000
CM1                               00000001
CM2                               00000002
CMCON                             0000001F
CMIE                              00000006
CMIF                              00000006
CREN                              00000004
CSRC                              00000007
DATA_CP_OFF                       00003FFF
DATA_CP_ON                        00003EFF
DC                                00000001
EEADR                             0000009B
EECON1                            0000009C
EECON2                            0000009D
EEDATA                            0000009A
EEIE                              00000007
EEIF                              00000007
F                                 00000001
FERR                              00000002
FSR                               00000004
Flag                              00000022
GIE                               00000007
INDF                              00000000
INTCON                            0000000B
INTE                              00000004
INTEDG                            00000006
INTF                              00000001
IRP                               00000007
MAIN                              00000001
NOT_BO                            00000000
NOT_BOD                           00000000
NOT_BOR                           00000000
MPASM  5.51                          PIC2.ASM   6-1-2020  23:56:57         PAGE  5


SYMBOL TABLE
  LABEL                             VALUE 

NOT_PD                            00000003
NOT_POR                           00000001
NOT_RBPU                          00000007
NOT_T1SYNC                        00000002
NOT_TO                            00000004
OERR                              00000001
OPTION_REG                        00000081
OSCF                              00000003
PCL                               00000002
PCLATH                            0000000A
PCON                              0000008E
PEIE                              00000006
PIE1                              0000008C
PIR1                              0000000C
PORTA                             00000005
PORTB                             00000006
PR2                               00000092
PS0                               00000000
PS1                               00000001
PS2                               00000002
PSA                               00000003
Pause                             00000017
Pause2                            0000001C
Pause3                            0000002B
Pause4                            00000021
Pause5                            00000036
RA0                               00000000
RA1                               00000001
RA2                               00000002
RA3                               00000003
RA4                               00000004
RA5                               00000005
RA6                               00000006
RA7                               00000007
RB0                               00000000
RB1                               00000001
RB2                               00000002
RB3                               00000003
RB4                               00000004
RB5                               00000005
RB6                               00000006
RB7                               00000007
RBIE                              00000003
RBIF                              00000000
RCIE                              00000005
RCIF                              00000005
RCREG                             0000001A
RCSTA                             00000018
RD                                00000000
RP0                               00000005
RP1                               00000006
RX9                               00000006
RX9D                              00000000
MPASM  5.51                          PIC2.ASM   6-1-2020  23:56:57         PAGE  6


SYMBOL TABLE
  LABEL                             VALUE 

Reg_1                             00000020
Reg_2                             00000021
SPBRG                             00000099
SPEN                              00000007
SREN                              00000005
STATUS                            00000003
SYNC                              00000004
T0CS                              00000005
T0IE                              00000005
T0IF                              00000002
T0SE                              00000004
T1CKPS0                           00000004
T1CKPS1                           00000005
T1CON                             00000010
T1OSCEN                           00000003
T2CKPS0                           00000000
T2CKPS1                           00000001
T2CON                             00000012
TMR0                              00000001
TMR0IE                            00000005
TMR0IF                            00000002
TMR1                              0000000E
TMR1CS                            00000001
TMR1H                             0000000F
TMR1IE                            00000000
TMR1IF                            00000000
TMR1L                             0000000E
TMR1ON                            00000000
TMR2                              00000011
TMR2IE                            00000001
TMR2IF                            00000001
TMR2ON                            00000002
TOUTPS0                           00000003
TOUTPS1                           00000004
TOUTPS2                           00000005
TOUTPS3                           00000006
TRISA                             00000085
TRISA0                            00000000
TRISA1                            00000001
TRISA2                            00000002
TRISA3                            00000003
TRISA4                            00000004
TRISA5                            00000005
TRISA6                            00000006
TRISA7                            00000007
TRISB                             00000086
TRISB0                            00000000
TRISB1                            00000001
TRISB2                            00000002
TRISB3                            00000003
TRISB4                            00000004
TRISB5                            00000005
TRISB6                            00000006
MPASM  5.51                          PIC2.ASM   6-1-2020  23:56:57         PAGE  7


SYMBOL TABLE
  LABEL                             VALUE 

TRISB7                            00000007
TRMT                              00000001
TX9                               00000006
TX9D                              00000000
TXEN                              00000005
TXIE                              00000004
TXIF                              00000004
TXREG                             00000019
TXSTA                             00000098
VR0                               00000000
VR1                               00000001
VR2                               00000002
VR3                               00000003
VRCON                             0000009F
VREN                              00000007
VROE                              00000006
VRR                               00000005
W                                 00000000
WAIT                              00000005
WR                                00000001
WREN                              00000002
WRERR                             00000003
Z                                 00000002
_BODEN_OFF                        00003FBF
_BODEN_ON                         00003FFF
_BOREN_OFF                        00003FBF
_BOREN_ON                         00003FFF
_CONFIG                           00002007
_CPD_OFF                          00003FFF
_CPD_ON                           00003EFF
_CP_OFF                           00003FFF
_CP_ON                            00001FFF
_DEVID1                           00002006
_ER_OSC_CLKOUT                    00003FFF
_ER_OSC_NOCLKOUT                  00003FFE
_EXTCLK_OSC                       00003FEF
_FOSC_ECIO                        00003FEF
_FOSC_EXTRCCLK                    00003FFF
_FOSC_EXTRCIO                     00003FFE
_FOSC_HS                          00003FEE
_FOSC_INTOSCCLK                   00003FFD
_FOSC_INTOSCIO                    00003FFC
_FOSC_LP                          00003FEC
_FOSC_XT                          00003FED
_HS_OSC                           00003FEE
_IDLOC0                           00002000
_IDLOC1                           00002001
_IDLOC2                           00002002
_IDLOC3                           00002003
_INTOSC_OSC_CLKOUT                00003FFD
_INTOSC_OSC_NOCLKOUT              00003FFC
_INTRC_OSC_CLKOUT                 00003FFD
_INTRC_OSC_NOCLKOUT               00003FFC
MPASM  5.51                          PIC2.ASM   6-1-2020  23:56:57         PAGE  8


SYMBOL TABLE
  LABEL                             VALUE 

_LP_OSC                           00003FEC
_LVP_OFF                          00003F7F
_LVP_ON                           00003FFF
_MCLRE_OFF                        00003FDF
_MCLRE_ON                         00003FFF
_PWRTE_OFF                        00003FFF
_PWRTE_ON                         00003FF7
_RC_OSC_CLKOUT                    00003FFF
_RC_OSC_NOCLKOUT                  00003FFE
_WDTE_OFF                         00003FFB
_WDTE_ON                          00003FFF
_WDT_OFF                          00003FFB
_WDT_ON                           00003FFF
_XT_OSC                           00003FED
__16F628A                         00000001
__DEBUG                           1
delay                             0000003F
otraj                             00000013


MEMORY USAGE MAP ('X' = Used,  '-' = Unused)

0000 : XXXXXXXXXXXXXXXX XXXXXXXXXXXXXXXX XXXXXXXXXXXXXXXX XXXXXXXXXXXXXXXX
0040 : XXXXX----------- ---------------- ---------------- ----------------
2000 : -------X-------- ---------------- ---------------- ----------------

All other memory blocks unused.

Program Memory Words Used:    69
Program Memory Words Free:  1979


Errors   :     0
Warnings :     1 reported,     0 suppressed
Messages :     1 reported,     0 suppressed

